<!DOCTYPE html>


<html>
	<head>
        <meta http-equiv="content-type" content="text/html; charset=UTF-8" />
		<title>training.automation.selenium.specflow Test Execution Report</title>
        <script type="text/javascript" src="http://code.jquery.com/jquery-1.6.2.min.js"></script>
        <script type="text/javascript">
            /**
            * jQuery.fn.sortElements
            * --------------
            * #author James Padolsey (http://james.padolsey.com)
            * #version 0.11
            * #updated 18-MAR-2010
            * #url https://raw.github.com/jamespadolsey/jQuery-Plugins/master/sortElements/jquery.sortElements.js
            * --------------
            * #param Function comparator:
            *   Exactly the same behaviour as [1,2,3].sort(comparator)
            *   
            * #param Function getSortable
            *   A function that should return the element that is
            *   to be sorted. The comparator will run on the
            *   current collection, but you may want the actual
            *   resulting sort to occur on a parent or another
            *   associated element.
            *   
            *   E.g. $('td').sortElements(comparator, function(){
            *      return this.parentNode; 
            *   })
            *   
            *   The <td>'s parent (<tr>) will be sorted instead
            *   of the <td> itself.
            */
            jQuery.fn.sortElements = (function () {

                var sort = [].sort;

                return function (comparator, getSortable) {

                    getSortable = getSortable || function () { return this; };

                    var placements = this.map(function () {

                        var sortElement = getSortable.call(this),
                parentNode = sortElement.parentNode,

                        // Since the element itself will change position, we have
                        // to have some way of storing it's original position in
                        // the DOM. The easiest way is to have a 'flag' node:
                nextSibling = parentNode.insertBefore(
                    document.createTextNode(''),
                    sortElement.nextSibling
                );

                        return function () {

                            if (parentNode === this) {
                                throw new Error(
                        "You can't sort elements if any one is a descendant of another."
                    );
                            }

                            // Insert before flag:
                            parentNode.insertBefore(this, nextSibling);
                            // Remove flag:
                            parentNode.removeChild(nextSibling);

                        };

                    });

                    return sort.call(this, comparator).each(function (i) {
                        placements[i].call(getSortable.call(this));
                    });

                };

            })();
        </script>
        <script type="text/javascript">
            jQuery.fn.setBarSizes = (function () {
                return function (metricName, maxBarSize, min) {
                    var max = Math.max.apply(Math, $.makeArray($(this).map(function () { return Number($(this).attr('data-sr-' + metricName)); })));
                    var scale = 1.0;
                    while (max > 0.0 && max <= 10.0) {
                        scale = scale * 10.0;
                        max = max * 10.0;
                    }
                    max = (Math.ceil(max / 2) * 2) / scale;

                    this.each(function () {
                        var barAnchor = $(this).find('a');
                        var actual = $(this).attr('data-sr-' + metricName);
                        var newHeight = Math.max(Math.round(maxBarSize * (actual - min) / (max - min)), 2);
                        barAnchor.css({ height: newHeight });
                    });

                    var unit = "";
                    if (metricName.substr(metricName.length - 4, 4) === "time")
                        unit = "s";

                    $('#testview .scale-min-label').each(function () {
                        $(this).text(min.toString() + unit);
                    });
                    $('#testview .scale-max-label').each(function () {
                        $(this).text(max.toString() + unit);
                    });
                    var mid = max / 2;
                    $('#testview .scale-mid-label').each(function () {
                        $(this).text(mid.toString() + unit);
                    });
                };
            })();

            function getComparer(metricName, isDesc) {
                return function (a, b) {
                    var aNumber = Number($(a).attr('data-sr-' + metricName));
                    var bNumber = Number($(b).attr('data-sr-' + metricName));
                    var result = aNumber > bNumber ? 1 : (aNumber < bNumber ? -1 : 0);
                    if (isDesc)
                        result = -1 * result;

                    if (result == 0 && metricName != "order")
                        result = getComparer("order", false)(a, b);

                    return result;
                };
            }

            var currentSort = "";
            function doSort(allowToggleDesc) {
                var newSort = $("input[name='barSortOrder']:checked").val();
                if (allowToggleDesc && currentSort == newSort) {
                    $('#barSortDesc').click();
                    doSort(false);
                    return;
                }
                currentSort = newSort;
                $('#testview td.testview-item').sortElements(getComparer(newSort, $('#barSortDesc').is(':checked')));
            }


            function doSetHeights(allowSort) {
                var selectedMetric = $("input[name='barHeight']:checked").val();
                $('#testview td.testview-item').setBarSizes(selectedMetric, 60, 0.0);

                if (allowSort && currentSort != selectedMetric) {
                    var $radios = $("input[name='barSortOrder']");
                    $radios.filter('[value=' + selectedMetric + ']').attr('checked', true);
                    $("#barSortDesc").attr("checked", [true]);
                    doSort(false);
                }
            }

            $(document).ready(function () {
                $("input[name='barSortOrder']").click(function () { doSort(true); return true; });
                $("input[name='barSortDesc']").change(function () { doSort(false); });
                $("input[name='barHeight']").change(function () { doSetHeights(true); });

                doSort(false);
                doSetHeights(false);

                $("div.scrollable").css({ 'overflow': 'auto' });
            });
        </script>

        <style type="text/css">
            body 
            {
                color: #000000;
                font-family: Arial,Liberation Sans,DejaVu Sans,sans-serif;
                line-height: 130%;
            }
            h1 {
                font-family: Trebuchet MS,Liberation Sans,DejaVu Sans,sans-serif;
                font-size: 170%;
                font-weight: bold;
            }            
            h2 {
                font-family: Trebuchet MS,Liberation Sans,DejaVu Sans,sans-serif;
                font-size: 130%;
                font-weight: bold;
                margin-bottom: 5px;
            }            
            h3 {
                font-family: Trebuchet MS,Liberation Sans,DejaVu Sans,sans-serif;
                font-size: 120%;
                font-weight: bold;
                margin-bottom: 5px;
            }            
            a.bar
            {
                text-decoration: none;
                display: block;
                line-height: 1px;
            }
            .description
            {
                font-style: italic;
            }
            .log 
            {
                width: 600px;
                white-space: pre-wrap;
                display: block;
                margin: 0px;
            }
            .errorMessage 
            {
                width: 600px;
                color: Red;
                font-weight: bold;
            }
            .stackTrace 
            {
                width: 600px;
                white-space: pre-wrap;
                font-style: italic;
                color: Red;
                display: block;
            }
            table.testEvents
            {
                border: solid 1px #e8eef4;
                border-collapse: collapse;
            }
            table.testEvents td
            {
                vertical-align: top;
                padding: 5px;
                border: solid 1px #e8eef4;
            }
            table.testEvents th
            {
                padding: 6px 5px;
                text-align: left;
                background-color: #e8eef4;
                border: solid 1px #e8eef4;                
            }
            .comment
            {
                font-style: italic;
                font-size: smaller;
            }
            .startupBar
            {
                background-color: #EEEEEE;
                cursor: default;
            }
            
            .colorSucceeded
            {
                background-color: #90ED7B;
            }
            .colorIgnored
            {
                background-color: #FFFF85;
            }
            .colorPending
            {
                background-color: #D47BED;
            }
            .colorNothingToRun
            {
                background-color: #CCCCFF;
            }
            .colorSkipped
            {
                background-color: #CCCCFF;
            }
            .colorInconclusive
            {
                background-color: #7BEDED;
            }
            .colorCleanupFailed
            {
                background-color: #FFCCCC;
            }
            .colorRandomlyFailed
            {
                background-color: #EDB07B;
            }
            .colorFailed
            {
                background-color: #ED5F5F;
            }
            .colorInitializationFailed
            {
                background-color: #FF0000;
            }
            .colorFrameworkError
            {
                background-color: #FF0000;
            }
            ul.subNodeLinks
            {
                padding-left: 20px;
                margin: 0px;
            }
            ul.subNodeLinks li
            {
                list-style: none;
            }
            
            /* views general */
            div.scrollable
            {
                /*overflow: auto; - thsi has to be set from js, because of an IE9 bug */
            }
            div.viewbox
            {
                position: relative;
                border: 3px solid #e8eef4;
            }
            div.viewbox table
            {
                border: 0px;
            }
                        
            /* testview */
            #testview
            {
                padding-top: 23px;
            }
            
            table.testview-items td
            {
                vertical-align: bottom;
                padding: 0px 1px 0px 1px;
            }
            td.right-padding, td.left-padding
            {
                width: 25px;
                min-width: 25px;
            }
            table.testview-items a.bar
            {
                width: 5px;
            }
            table.testview-items tr.testview-items-row
            {
                height: 60px;
            }
            
            /* scale */
            table.vertical-scale 
            {
                position: absolute;
                top: 23px;
                left: 0px;
                width: 100%;
                z-index: -100;
            }
            table.vertical-scale td, tr.horizontal-scale td
            {
                font-size: 60%;
                line-height: normal;
            }
            table.vertical-scale tr.scale-max, table.vertical-scale tr.scale-mid 
            {
                height: 30px;
            }
            tr.horizontal-scale, table.vertical-scale tr.scale-min 
            {
                height: 12px;
            }
            
            td.scale-max-label, td.scale-mid-label, td.scale-min-label
            {
                border-top: solid 1px #E6E6E6;
                text-align: left;
                vertical-align: top;
            }
            td.scale-10-label
            {
                border-left: solid 1px #E6E6E6;
                text-align: left;
                vertical-align: bottom;
                padding-left: 1px;
            }
            tr.scale-mid td, tr.scale-min td, tr.scale-max td
            {
                border-top: solid 1px #E6E6E6;
            }
           
            
            /* bar-control */
            #bar-control
            {
                font-size: 60%;
                line-height: normal;
                position: absolute;
                right: 0px;
                top: 0px;
            }
            #bar-control label
            {
                font-weight: bold;
                vertical-align: middle;
            }
            #bar-control .option
            {
                vertical-align: middle;
                text-transform: lowercase;
            }
            #bar-control input[type="checkbox"]
            {
                padding: 0 2px 0 3px;
            }
            #bar-control input
            {
                vertical-align: top;
                height: 12px;
                margin: 0px;
                padding: 0px;
            }
            #bar-control div
            {
                float: right;
                margin: 3px 5px 3px 5px;
            }
            
            
            /* timeline view */
            #timelineview
            {
                padding-top: 5px;
            }
            table.timelineview a
            {
                height: 20px;
            }
            table.timelineview td
            {
                vertical-align: bottom;
                padding: 0px 1px 0px 0px;
                border: 0px;
            }
            tr.thread-items-row
            {
                height: 25px;
            }
            tr.thread-items-row td
            {
                vertical-align: bottom;
            }
            td.thread-label
            {
                padding: 0px 6px 0px 6px;
                text-align: right;
                line-height: 18px;
                vertical-align: bottom;
            }
            th.thread-label
            {
                padding: 3px 6px 0px 6px;
                line-height: 18px;
                text-align: left;
                vertical-align: bottom;
            }
        </style>
	</head>
	<body>
        <h1>training.automation.selenium.specflow Test Execution Report</h1>
        <ul>
            <li>Project: training.automation.selenium.specflow</li>
            <li>Configuration: training.automation.selenium.specflow</li>
            <li>Test Assemblies: training.automation.selenium.specflow.dll</li>
            <li>Start Time: 08/02/2019 11:35:01</li>
            <li>Duration: 00:01:21.4230852</li>
            <li>Test Threads: 1</li>
        </ul>

        <h2>Result: 1 failed</h2>
        <table class="testEvents">
                <tr>
        <th colspan="2">Success rate</th>
        <th>Tests</th>
        <th>Succeeded</th>
        <th>Failed</th>
        <th>Pending</th>
        <th>Ignored</th>
        <th>Skipped</th>
    </tr>

                <tr>
            <td>
            0%
    </td>
    <td>
        <table class="timelineview" cellpadding="0" cellspacing="0">
            <tr>
                    <td>
                        <a class="bar colorFailed" 
                           style="width: 199px;" 
                           title="1 failed" 
                                                          href="#error_summary"
                        />
                    </td>
            </tr>
            
        </table>
    </td>
    <td>1 (test executions: 3)</td>
    <td>0</td>
    <td>1</td>
    <td>0</td>
    <td>0</td>
    <td>0</td>

    </tr>

        </table>
        
        <h2>Test Timeline Summary</h2>

        <div id="timelineview" class="viewbox">
            <div class="scrollable">
                <table cellpadding="0" cellspacing="0">
                    <tr>
                        <th class="thread-label" colspan="2">thread</th>
                    </tr>
                        <tr class="thread-items-row">
                            <td class="thread-label" title="Machine: ROQ-136">#0</td>
                            <td colspan="1">
                                <table class="timelineview" cellpadding="0" cellspacing="0">
                                    <tr>

                                            <td>
        <a
            class="bar startupBar" 
            style="width: 3px;" 
                title="test thread startup" 
        >&nbsp;</a>
    </td>

    <td>
        <a
            class="bar colorFailed" 
            style="width: 3px;" 
                title="Adding several cards to three lists (in Specific Boards Page)" 
                href="#t199532233.0"
        >&nbsp;</a>
    </td>
    <td>
        <a
            class="bar colorFailed" 
            style="width: 5px;" 
                title="Adding several cards to three lists (in Specific Boards Page) retry #1" 
                href="#t199532233.1"
        >&nbsp;</a>
    </td>
    <td>
        <a
            class="bar colorFailed" 
            style="width: 6px;" 
                title="Adding several cards to three lists (in Specific Boards Page) retry #2" 
                href="#t199532233.2"
        >&nbsp;</a>
    </td>
                                    </tr>
                                </table>
                            </td>
                        </tr>
                    <tr class="horizontal-scale">
                        <td>&nbsp;</td>
                        <td class="scale-10-label">0s</td>
                    </tr>
                </table>
            </div>
        </div>

        <h2>Test Result View</h2>
        <div id="testview" class="viewbox">
            <div id="bar-control">
                <div id="bar-control-sort">
                    <label>sort by:</label>
                    <span class="option"><input type="radio" name="barSortOrder" value="exectime" />Time</span>
                    <span class="option"><input type="radio" name="barSortOrder" value="acttime" />Act Time</span>
                    <span class="option"><input type="radio" name="barSortOrder" value="order" />Execution</span>
                    <span class="option"><input type="radio" name="barSortOrder" value="rescode" checked="checked" />Result</span>
                    <span class="option"><input type="checkbox" name="barSortDesc" id="barSortDesc" checked="checked" />desc</span>
                </div>
                <div id="bar-control-heights">
                    <label>heights:</label>
                    <span class="option"><input type="radio" checked="checked" name="barHeight" value="exectime" />Time</span>
                    <span class="option"><input type="radio" name="barHeight" value="acttime" />Act Time</span>
                    
                </div>
            </div>
            <table class="vertical-scale" cellpadding="0" cellspacing="0">
                <tr class="scale-max">
                    <td class="left-padding scale-max-label">&nbsp;</td>
                    <td colspan="3">&nbsp;</td>
                    <td class="right-padding">&nbsp;</td>
                </tr>
                <tr class="scale-mid">
                    <td class="left-padding scale-mid-label">&nbsp;</td>
                    <td colspan="3">&nbsp;</td>
                    <td class="right-padding">&nbsp;</td>
                </tr>
                <tr class="scale-min">
                    <td class="left-padding scale-min-label">&nbsp;</td>
                    <td colspan="3">&nbsp;</td>
                    <td class="right-padding">&nbsp;</td>
                </tr>
            </table>
            <div class="scrollable">
                <table class="testview-items" cellpadding="0" cellspacing="0">
                    <tr class="testview-items-row">
                        <td class="left-padding">&nbsp;</td>
    <td class="testview-item" 
        data-sr-exectime="27.3987576" data-sr-rescode="440" data-sr-order="0" data-sr-acttime="0.015">
        <a
            class="bar colorFailed" 
            style="height: 60px;"
            title="Adding several cards to three lists (in Specific Boards Page)"
            href="#t199532233.0">&nbsp;</a>
    </td>
    <td class="testview-item" 
        data-sr-exectime="26.9481845" data-sr-rescode="440" data-sr-order="1" data-sr-acttime="0.011">
        <a
            class="bar colorFailed" 
            style="height: 59px;"
            title="Adding several cards to three lists (in Specific Boards Page) retry #1"
            href="#t199532233.1">&nbsp;</a>
    </td>
    <td class="testview-item" 
        data-sr-exectime="26.4019455" data-sr-rescode="440" data-sr-order="2" data-sr-acttime="0.013">
        <a
            class="bar colorFailed" 
            style="height: 58px;"
            title="Adding several cards to three lists (in Specific Boards Page) retry #2"
            href="#t199532233.2">&nbsp;</a>
    </td>
                        <td class="right-padding">&nbsp;</td>
                    </tr>
                    <tr class="horizontal-scale">
                        <td class="left-padding">&nbsp;</td>
                        <td colspan="10">&nbsp;</td>
                    </tr>
                </table>
            </div>
        </div>

        <h2>Feature Summary</h2>
        <table class="testEvents">
                <tr>
            <th>Feature</th>
        <th colspan="2">Success rate</th>
        <th>Tests</th>
        <th>Succeeded</th>
        <th>Failed</th>
        <th>Pending</th>
        <th>Ignored</th>
        <th>Skipped</th>
            <th>Duration</th>
    </tr>

    <tr>
            <td><a href="#f-2099899372">Specific Boards Page</a></td>
            <td>
            0%
    </td>
    <td>
        <table class="timelineview" cellpadding="0" cellspacing="0">
            <tr>
                    <td>
                        <a class="bar colorFailed" 
                           style="width: 199px;" 
                           title="1 failed" 
                                                          href="#error_summary"
                        />
                    </td>
            </tr>
            
        </table>
    </td>
    <td>1 (test executions: 3)</td>
    <td>0</td>
    <td>1</td>
    <td>0</td>
    <td>0</td>
    <td>0</td>
        <td>00:01:20.7488876</td>

    </tr>
        </table>

        <a name="error_summary" />
        <h2>Error Summary</h2>
        <table class="testEvents">
                <tr>
            <th>Test</th>
        <th colspan="2">Success rate</th>
        <th>Tests</th>
        <th>Succeeded</th>
        <th>Failed</th>
        <th>Pending</th>
        <th>Ignored</th>
        <th>Skipped</th>
    </tr>

                <tr>
                    <td>
                        <a href="#t199532233.0">Adding several cards to three lists (in training.automation.selenium.specflow, Specific Boards Page)</a>
                            <a href="#t199532233.1">retry #1</a>
                            <a href="#t199532233.2">retry #2</a>
                    </td>
                        <td>
            0%
    </td>
    <td>
        <table class="timelineview" cellpadding="0" cellspacing="0">
            <tr>
                    <td>
                        <a class="bar colorFailed" 
                           style="width: 199px;" 
                           title="1 failed" 
                                                          href="#error_summary"
                        />
                    </td>
            </tr>
            
        </table>
    </td>
    <td>1 (test executions: 3)</td>
    <td>0</td>
    <td>1</td>
    <td>0</td>
    <td>0</td>
    <td>0</td>

                </tr>
                <tr>
                    <td colspan="9" style="padding-left: 20px;"><div class="errorMessage">Error: Timed out after 10 seconds -&gt; Timed out after 10 seconds -&gt; no such element: Unable to locate element: {&quot;method&quot;:&quot;xpath&quot;,&quot;selector&quot;:&quot;//a[@href=&#39;/forgot&#39;]&quot;}
  (Session info: chrome=71.0.3578.98)
  (Driver info: chromedriver=2.40.565498 (ea082db3280dd6843ebfb08a625e3eb905c4f5ab),platform=Windows NT 10.0.17134 x86_64)</div></td>
                </tr>
        </table>

        <h2>Scenario Summary</h2>
            <a name="f-2099899372" />
            <h3>Feature: Specific Boards Page</h3>
            <table class="testEvents">
                    <tr>
            <th>Test</th>
        <th colspan="2">Success rate</th>
        <th>Tests</th>
        <th>Succeeded</th>
        <th>Failed</th>
        <th>Pending</th>
        <th>Ignored</th>
        <th>Skipped</th>
            <th>Duration</th>
    </tr>

                    <tr>
                        <td>
                                    <a href="#t199532233.0">Scenario: Adding several cards to three lists</a>
            <a href="#t199532233.1">retry #1</a>
            <a href="#t199532233.2">retry #2</a>

                        </td>
                        
                            <td>
            0%
    </td>
    <td>
        <table class="timelineview" cellpadding="0" cellspacing="0">
            <tr>
                    <td>
                        <a class="bar colorFailed" 
                           style="width: 199px;" 
                           title="1 failed" 
                                                          href="#error_summary"
                        />
                    </td>
            </tr>
            
        </table>
    </td>
    <td>1 (test executions: 3)</td>
    <td>0</td>
    <td>1</td>
    <td>0</td>
    <td>0</td>
    <td>0</td>
        <td>00:01:20.7488876</td>

                        
                    </tr>
            </table>

        <h2>Execution Details</h2>
            <a name="t199532233.0" />
            <h3>Scenario: Adding several cards to three lists (in training.automation.selenium.specflow, Specific Boards Page)</h3>
                <div class="description">
                    tags: SpecificBoardsFeature, AddingCards
                </div>
            <ul>
                <li>Status: Failed</li>
                <li>Start time: 08/02/2019 11:35:01</li>
                <li>Execution time (sec): 27.3987576</li>
                <li>Thread: #0</li>
                <li>Error: Timed out after 10 seconds -&gt; Timed out after 10 seconds -&gt; no such element: Unable to locate element: {&quot;method&quot;:&quot;xpath&quot;,&quot;selector&quot;:&quot;//a[@href=&#39;/forgot&#39;]&quot;}
  (Session info: chrome=71.0.3578.98)
  (Driver info: chromedriver=2.40.565498 (ea082db3280dd6843ebfb08a625e3eb905c4f5ab),platform=Windows NT 10.0.17134 x86_64)</li>
            </ul>
            <table class="testEvents">
                <tr>
                    <th>Steps</th>
                    <th>Trace</th>
                    <th>Result</th>
                </tr>
                    <tr>
                        <td>
                            <pre class="log"></pre>
                        </td>
                        <td>
                            <!-- [Initialization: Feature - Specific Boards Page] -->
                            <pre class="log">-&gt; Using app.config</pre>
                        </td>
                        <td>Succeeded in 0.342s</td>
                    </tr>
                    <tr>
                        <td>
                            <pre class="log">Given I am on the splash page</pre>
                        </td>
                        <td>
                            <!-- [TestArrange: Scenario - Adding several cards to three lists] -->
                            <pre class="log">Assert Element Log In Button on page Splash Page is displayed
done: SplashPageSteps.IAmOnTheSplashPage() (0.1s)</pre>
                        </td>
                        <td>Succeeded in 6.18s</td>
                    </tr>
                    <tr>
                        <td>
                            <pre class="log">And I log in</pre>
                        </td>
                        <td>
                            <!-- [TestArrange: Scenario - Adding several cards to three lists] -->
                            <pre class="log">Wait For Element To Be Clickable failed on element &quot;Forgot Password&quot; on page &quot;Log In&quot; : OpenQA.Selenium.WebDriverTimeoutException: Timed out after 10 seconds ---&gt; OpenQA.Selenium.NoSuchElementException: no such element: Unable to locate element: {&quot;method&quot;:&quot;xpath&quot;,&quot;selector&quot;:&quot;//a[@href=&#39;/forgot&#39;]&quot;}
  (Session info: chrome=71.0.3578.98)
  (Driver info: chromedriver=2.40.565498 (ea082db3280dd6843ebfb08a625e3eb905c4f5ab),platform=Windows NT 10.0.17134 x86_64)
   at OpenQA.Selenium.Remote.RemoteWebDriver.UnpackAndThrowOnError(Response errorResponse)
   at OpenQA.Selenium.Remote.RemoteWebDriver.Execute(String driverCommandToExecute, Dictionary`2 parameters)
   at OpenQA.Selenium.Remote.RemoteWebDriver.FindElement(String mechanism, String value)
   at OpenQA.Selenium.Remote.RemoteWebDriver.FindElementByXPath(String xpath)
   at OpenQA.Selenium.By.&lt;&gt;c__DisplayClass19_0.&lt;XPath&gt;b__0(ISearchContext context)
   at OpenQA.Selenium.By.FindElement(ISearchContext context)
   at OpenQA.Selenium.Remote.RemoteWebDriver.FindElement(By by)
   at OpenQA.Selenium.Support.UI.ExpectedConditions.&lt;&gt;c__DisplayClass3b.&lt;ElementToBeClickable&gt;b__3a(IWebDriver driver)
   at OpenQA.Selenium.Support.UI.DefaultWait`1.Until[TResult](Func`2 condition)
   --- End of inner exception stack trace ---
   at OpenQA.Selenium.Support.UI.DefaultWait`1.ThrowTimeoutException(String exceptionMessage, Exception lastException)
   at OpenQA.Selenium.Support.UI.DefaultWait`1.Until[TResult](Func`2 condition)
   at training.automation.common.selenium.elements.common.Element.WaitUntilElementToBeClickable() in C:\Users\michael.butterfield\git\BabysFirstAutomationFrameworkCSharp\training.automation.common\Selenium\Elements\Common\Element.cs:line 247
   at training.automation.common.selenium.elements.common.Element.WaitForElementToBeClickable() in C:\Users\michael.butterfield\git\BabysFirstAutomationFrameworkCSharp\training.automation.common\Selenium\Elements\Common\Element.cs:line 210 : 
error: Timed out after 10 seconds</pre>
                                <div class="errorMessage">Timed out after 10 seconds -&gt; Timed out after 10 seconds -&gt; no such element: Unable to locate element: {&quot;method&quot;:&quot;xpath&quot;,&quot;selector&quot;:&quot;//a[@href=&#39;/forgot&#39;]&quot;}
  (Session info: chrome=71.0.3578.98)
  (Driver info: chromedriver=2.40.565498 (ea082db3280dd6843ebfb08a625e3eb905c4f5ab),platform=Windows NT 10.0.17134 x86_64)</div>
                                <pre class="stackTrace">System.ArgumentException: Timed out after 10 seconds ---&gt; OpenQA.Selenium.WebDriverTimeoutException: Timed out after 10 seconds ---&gt; OpenQA.Selenium.NoSuchElementException: no such element: Unable to locate element: {&quot;method&quot;:&quot;xpath&quot;,&quot;selector&quot;:&quot;//a[@href=&#39;/forgot&#39;]&quot;}
  (Session info: chrome=71.0.3578.98)
  (Driver info: chromedriver=2.40.565498 (ea082db3280dd6843ebfb08a625e3eb905c4f5ab),platform=Windows NT 10.0.17134 x86_64)
   at OpenQA.Selenium.Remote.RemoteWebDriver.UnpackAndThrowOnError(Response errorResponse)
   at OpenQA.Selenium.Remote.RemoteWebDriver.Execute(String driverCommandToExecute, Dictionary`2 parameters)
   at OpenQA.Selenium.Remote.RemoteWebDriver.FindElement(String mechanism, String value)
   at OpenQA.Selenium.Remote.RemoteWebDriver.FindElementByXPath(String xpath)
   at OpenQA.Selenium.By.&lt;&gt;c__DisplayClass19_0.&lt;XPath&gt;b__0(ISearchContext context)
   at OpenQA.Selenium.By.FindElement(ISearchContext context)
   at OpenQA.Selenium.Remote.RemoteWebDriver.FindElement(By by)
   at OpenQA.Selenium.Support.UI.ExpectedConditions.&lt;&gt;c__DisplayClass3b.&lt;ElementToBeClickable&gt;b__3a(IWebDriver driver)
   at OpenQA.Selenium.Support.UI.DefaultWait`1.Until[TResult](Func`2 condition)
   --- End of inner exception stack trace ---
   at OpenQA.Selenium.Support.UI.DefaultWait`1.ThrowTimeoutException(String exceptionMessage, Exception lastException)
   at OpenQA.Selenium.Support.UI.DefaultWait`1.Until[TResult](Func`2 condition)
   at training.automation.common.selenium.elements.common.Element.WaitUntilElementToBeClickable() in C:\Users\michael.butterfield\git\BabysFirstAutomationFrameworkCSharp\training.automation.common\Selenium\Elements\Common\Element.cs:line 247
   at training.automation.common.selenium.elements.common.Element.WaitForElementToBeClickable() in C:\Users\michael.butterfield\git\BabysFirstAutomationFrameworkCSharp\training.automation.common\Selenium\Elements\Common\Element.cs:line 210
   --- End of inner exception stack trace ---
   at training.automation.common.utilities.TestHelper.HandleException(String errorMessage, Exception e, Boolean takeScreenshot) in C:\Users\michael.butterfield\git\BabysFirstAutomationFrameworkCSharp\training.automation.common\Utilities\TestHelper.cs:line 55
   at training.automation.common.selenium.elements.common.Element.HandleException(String actionName, Exception ex) in C:\Users\michael.butterfield\git\BabysFirstAutomationFrameworkCSharp\training.automation.common\Selenium\Elements\Common\Element.cs:line 180
   at training.automation.common.selenium.elements.common.Element.WaitForElementToBeClickable() in C:\Users\michael.butterfield\git\BabysFirstAutomationFrameworkCSharp\training.automation.common\Selenium\Elements\Common\Element.cs:line 214
   at training.automation.specflow.Test.CSharp.StepDefinitions.SplashPageSteps.ILogIn() in C:\Users\michael.butterfield\git\BabysFirstAutomationFrameworkCSharp\training.automation.selenium.specflow\Test\CSharp\StepDefinitions\SplashPageSteps.cs:line 20
   at lambda_method(Closure , IContextManager )
   at TechTalk.SpecFlow.Bindings.BindingInvoker.InvokeBinding(IBinding binding, IContextManager contextManager, Object[] arguments, ITestTracer testTracer, TimeSpan&amp; duration)
   at TechTalk.SpecFlow.Infrastructure.TestExecutionEngine.ExecuteStepMatch(BindingMatch match, Object[] arguments)
   at TechTalk.SpecRun.SpecFlowPlugin.Runtime.RunnerTestExecutionEngine.ExecuteStepMatch(BindingMatch match, Object[] arguments)
   at TechTalk.SpecFlow.Infrastructure.TestExecutionEngine.ExecuteStep(IContextManager contextManager, StepInstance stepInstance)
   at TechTalk.SpecFlow.Infrastructure.TestExecutionEngine.OnAfterLastStep()
   at TechTalk.SpecFlow.TestRunner.CollectScenarioErrors()
   at training.automation.selenium.specflow.Test.Resources.SpecificBoardsPageFeature.ScenarioCleanup()
   at training.automation.selenium.specflow.Test.Resources.SpecificBoardsPageFeature.AddingSeveralCardsToThreeLists() in C:\Users\michael.butterfield\git\BabysFirstAutomationFrameworkCSharp\training.automation.selenium.specflow\Test\Resources\SpecificBoardsPage.feature:line 29
   at TechTalk.SpecRun.Framework.TaskExecutors.StaticOrInstanceMethodExecutor.ExecuteInternal(ITestThreadExecutionContext testThreadExecutionContext)
   at TechTalk.SpecRun.Framework.TaskExecutors.StaticOrInstanceMethodExecutor.Execute(ITestThreadExecutionContext testThreadExecutionContext)
   at TechTalk.SpecRun.Framework.TestAssemblyExecutor.ExecuteTestNodeTask(TestNode testNode, ITaskExecutor task, TraceEventType eventType)</pre>
                        </td>
                        <td>Failed in 10.471s</td>
                    </tr>
                    <tr>
                        <td>
                            <pre class="log">And I am on the boards page</pre>
                        </td>
                        <td>
                            <!-- [TestArrange: Scenario - Adding several cards to three lists] -->
                            <pre class="log">skipped because of previous errors</pre>
                        </td>
                        <td>Skipped in 0.002s</td>
                    </tr>
                    <tr>
                        <td>
                            <pre class="log">When I create the user board</pre>
                        </td>
                        <td>
                            <!-- [TestAct: Scenario - Adding several cards to three lists] -->
                            <pre class="log">skipped because of previous errors</pre>
                        </td>
                        <td>Skipped in 0.001s</td>
                    </tr>
                    <tr>
                        <td>
                            <pre class="log">Then the environment will be set up</pre>
                        </td>
                        <td>
                            <!-- [TestAssert: Scenario - Adding several cards to three lists] -->
                            <pre class="log">skipped because of previous errors</pre>
                        </td>
                        <td>Skipped in 0.004s</td>
                    </tr>
                    <tr>
                        <td>
                            <pre class="log">Given I click on the user created board</pre>
                        </td>
                        <td>
                            <!-- [TestArrange: Scenario - Adding several cards to three lists] -->
                            <pre class="log">skipped because of previous errors</pre>
                        </td>
                        <td>Skipped in 0.001s</td>
                    </tr>
                    <tr>
                        <td>
                            <pre class="log">When I create a new list called To Do</pre>
                        </td>
                        <td>
                            <!-- [TestAct: Scenario - Adding several cards to three lists] -->
                            <pre class="log">skipped because of previous errors</pre>
                        </td>
                        <td>Skipped in 0.005s</td>
                    </tr>
                    <tr>
                        <td>
                            <pre class="log">And I add five cards to the new list</pre>
                        </td>
                        <td>
                            <!-- [TestAct: Scenario - Adding several cards to three lists] -->
                            <pre class="log">skipped because of previous errors</pre>
                        </td>
                        <td>Skipped in 0.001s</td>
                    </tr>
                    <tr>
                        <td>
                            <pre class="log">And I create a new list called Doing</pre>
                        </td>
                        <td>
                            <!-- [TestAct: Scenario - Adding several cards to three lists] -->
                            <pre class="log">skipped because of previous errors</pre>
                        </td>
                        <td>Skipped in 0.001s</td>
                    </tr>
                    <tr>
                        <td>
                            <pre class="log">And I add five cards to the new list</pre>
                        </td>
                        <td>
                            <!-- [TestAct: Scenario - Adding several cards to three lists] -->
                            <pre class="log">skipped because of previous errors</pre>
                        </td>
                        <td>Skipped in 0.003s</td>
                    </tr>
                    <tr>
                        <td>
                            <pre class="log">And I create a new list called Done</pre>
                        </td>
                        <td>
                            <!-- [TestAct: Scenario - Adding several cards to three lists] -->
                            <pre class="log">skipped because of previous errors</pre>
                        </td>
                        <td>Skipped in 0.002s</td>
                    </tr>
                    <tr>
                        <td>
                            <pre class="log">And I add five cards to the new list</pre>
                        </td>
                        <td>
                            <!-- [TestAct: Scenario - Adding several cards to three lists] -->
                            <pre class="log">skipped because of previous errors</pre>
                        </td>
                        <td>Skipped in 0.002s</td>
                    </tr>
                    <tr>
                        <td>
                            <pre class="log">Then the three lists will contain five cards each</pre>
                        </td>
                        <td>
                            <!-- [TestAssert: Scenario - Adding several cards to three lists] -->
                            <pre class="log">skipped because of previous errors</pre>
                        </td>
                        <td>Skipped in 0.016s</td>
                    </tr>
                    <tr>
                        <td>
                            <pre class="log"></pre>
                        </td>
                        <td>
                            <!-- [Cleanup: Scenario - Adding several cards to three lists] -->
                            <pre class="log"></pre>
                                <div class="errorMessage">Timed out after 10 seconds -&gt; no such element: Unable to locate element: {&quot;method&quot;:&quot;xpath&quot;,&quot;selector&quot;:&quot;//*[@id=&quot;header&quot;]/div[1]/a/span&quot;}
  (Session info: chrome=71.0.3578.98)
  (Driver info: chromedriver=2.40.565498 (ea082db3280dd6843ebfb08a625e3eb905c4f5ab),platform=Windows NT 10.0.17134 x86_64)</div>
                                <pre class="stackTrace">OpenQA.Selenium.WebDriverTimeoutException: Timed out after 10 seconds ---&gt; OpenQA.Selenium.NoSuchElementException: no such element: Unable to locate element: {&quot;method&quot;:&quot;xpath&quot;,&quot;selector&quot;:&quot;//*[@id=&quot;header&quot;]/div[1]/a/span&quot;}
  (Session info: chrome=71.0.3578.98)
  (Driver info: chromedriver=2.40.565498 (ea082db3280dd6843ebfb08a625e3eb905c4f5ab),platform=Windows NT 10.0.17134 x86_64)
   at OpenQA.Selenium.Remote.RemoteWebDriver.UnpackAndThrowOnError(Response errorResponse)
   at OpenQA.Selenium.Remote.RemoteWebDriver.Execute(String driverCommandToExecute, Dictionary`2 parameters)
   at OpenQA.Selenium.Remote.RemoteWebDriver.FindElement(String mechanism, String value)
   at OpenQA.Selenium.Remote.RemoteWebDriver.FindElementByXPath(String xpath)
   at OpenQA.Selenium.By.&lt;&gt;c__DisplayClass19_0.&lt;XPath&gt;b__0(ISearchContext context)
   at OpenQA.Selenium.By.FindElement(ISearchContext context)
   at OpenQA.Selenium.Remote.RemoteWebDriver.FindElement(By by)
   at OpenQA.Selenium.Support.UI.ExpectedConditions.&lt;&gt;c__DisplayClass3b.&lt;ElementToBeClickable&gt;b__3a(IWebDriver driver)
   at OpenQA.Selenium.Support.UI.DefaultWait`1.Until[TResult](Func`2 condition)
   --- End of inner exception stack trace ---
   at OpenQA.Selenium.Support.UI.DefaultWait`1.ThrowTimeoutException(String exceptionMessage, Exception lastException)
   at OpenQA.Selenium.Support.UI.DefaultWait`1.Until[TResult](Func`2 condition)
   at training.automation.common.selenium.elements.common.Element.WaitUntilElementToBeClickable() in C:\Users\michael.butterfield\git\BabysFirstAutomationFrameworkCSharp\training.automation.common\Selenium\Elements\Common\Element.cs:line 247
   at training.automation.common.selenium.elements.common.Element.GetWebElement(Boolean waitUntilClickable, Boolean waitUntilVisible) in C:\Users\michael.butterfield\git\BabysFirstAutomationFrameworkCSharp\training.automation.common\Selenium\Elements\Common\Element.cs:line 234
   at training.automation.common.selenium.elements.common.Element.JsClick() in C:\Users\michael.butterfield\git\BabysFirstAutomationFrameworkCSharp\training.automation.common\Selenium\Elements\Common\Element.cs:line 203
   at training.automation.specflow.Test.CSharp.Runner.TestRunner.AfterScenario() in C:\Users\michael.butterfield\git\BabysFirstAutomationFrameworkCSharp\training.automation.selenium.specflow\Test\CSharp\Runner\TestRunner.cs:line 31
   at lambda_method(Closure , IContextManager )
   at TechTalk.SpecFlow.Bindings.BindingInvoker.InvokeBinding(IBinding binding, IContextManager contextManager, Object[] arguments, ITestTracer testTracer, TimeSpan&amp; duration)
   at TechTalk.SpecFlow.Infrastructure.TestExecutionEngine.InvokeHook(IBindingInvoker invoker, IHookBinding hookBinding, HookType hookType)
   at TechTalk.SpecFlow.Infrastructure.TestExecutionEngine.FireEvents(HookType hookType)
   at TechTalk.SpecFlow.Infrastructure.TestExecutionEngine.FireScenarioEvents(HookType bindingEvent)
   at TechTalk.SpecFlow.Infrastructure.TestExecutionEngine.OnScenarioEnd()
   at TechTalk.SpecFlow.TestRunner.OnScenarioEnd()
   at training.automation.selenium.specflow.Test.Resources.SpecificBoardsPageFeature.ScenarioTearDown()
   at TechTalk.SpecRun.Framework.TaskExecutors.StaticOrInstanceMethodExecutor.ExecuteInternal(ITestThreadExecutionContext testThreadExecutionContext)
   at TechTalk.SpecRun.Framework.TaskExecutors.StaticOrInstanceMethodExecutor.Execute(ITestThreadExecutionContext testThreadExecutionContext)
   at TechTalk.SpecRun.Framework.TestAssemblyExecutor.ExecuteTestNodeTask(TestNode testNode, ITaskExecutor task, TraceEventType eventType)</pre>
                        </td>
                        <td>Failed in 10.328s</td>
                    </tr>
            </table>
            <a name="t199532233.1" />
            <h3>Scenario: Adding several cards to three lists (in training.automation.selenium.specflow, Specific Boards Page) retry #1</h3>
                <div class="description">
                    tags: SpecificBoardsFeature, AddingCards
                </div>
            <ul>
                <li>Status: Failed</li>
                <li>Start time: 08/02/2019 11:35:29</li>
                <li>Execution time (sec): 26.9481845</li>
                <li>Thread: #0</li>
                <li>Error: Timed out after 10 seconds -&gt; Timed out after 10 seconds -&gt; no such element: Unable to locate element: {&quot;method&quot;:&quot;xpath&quot;,&quot;selector&quot;:&quot;//a[@href=&#39;/forgot&#39;]&quot;}
  (Session info: chrome=71.0.3578.98)
  (Driver info: chromedriver=2.40.565498 (ea082db3280dd6843ebfb08a625e3eb905c4f5ab),platform=Windows NT 10.0.17134 x86_64)</li>
            </ul>
            <table class="testEvents">
                <tr>
                    <th>Steps</th>
                    <th>Trace</th>
                    <th>Result</th>
                </tr>
                    <tr>
                        <td>
                            <pre class="log"></pre>
                        </td>
                        <td>
                            <!-- [TestArrange: Scenario - Adding several cards to three lists] -->
                            <pre class="log">warning: The previous ScenarioContext was not disposed.</pre>
                        </td>
                        <td>Succeeded in 6.096s</td>
                    </tr>
                    <tr>
                        <td>
                            <pre class="log">Given I am on the splash page</pre>
                        </td>
                        <td>
                            <!-- [TestArrange: Scenario - Adding several cards to three lists] -->
                            <pre class="log">Assert Element Log In Button on page Splash Page is displayed
done: SplashPageSteps.IAmOnTheSplashPage() (0.1s)</pre>
                        </td>
                        <td>Succeeded in 0.095s</td>
                    </tr>
                    <tr>
                        <td>
                            <pre class="log">And I log in</pre>
                        </td>
                        <td>
                            <!-- [TestArrange: Scenario - Adding several cards to three lists] -->
                            <pre class="log">Wait For Element To Be Clickable failed on element &quot;Forgot Password&quot; on page &quot;Log In&quot; : OpenQA.Selenium.WebDriverTimeoutException: Timed out after 10 seconds ---&gt; OpenQA.Selenium.NoSuchElementException: no such element: Unable to locate element: {&quot;method&quot;:&quot;xpath&quot;,&quot;selector&quot;:&quot;//a[@href=&#39;/forgot&#39;]&quot;}
  (Session info: chrome=71.0.3578.98)
  (Driver info: chromedriver=2.40.565498 (ea082db3280dd6843ebfb08a625e3eb905c4f5ab),platform=Windows NT 10.0.17134 x86_64)
   at OpenQA.Selenium.Remote.RemoteWebDriver.UnpackAndThrowOnError(Response errorResponse)
   at OpenQA.Selenium.Remote.RemoteWebDriver.Execute(String driverCommandToExecute, Dictionary`2 parameters)
   at OpenQA.Selenium.Remote.RemoteWebDriver.FindElement(String mechanism, String value)
   at OpenQA.Selenium.Remote.RemoteWebDriver.FindElementByXPath(String xpath)
   at OpenQA.Selenium.By.&lt;&gt;c__DisplayClass19_0.&lt;XPath&gt;b__0(ISearchContext context)
   at OpenQA.Selenium.By.FindElement(ISearchContext context)
   at OpenQA.Selenium.Remote.RemoteWebDriver.FindElement(By by)
   at OpenQA.Selenium.Support.UI.ExpectedConditions.&lt;&gt;c__DisplayClass3b.&lt;ElementToBeClickable&gt;b__3a(IWebDriver driver)
   at OpenQA.Selenium.Support.UI.DefaultWait`1.Until[TResult](Func`2 condition)
   --- End of inner exception stack trace ---
   at OpenQA.Selenium.Support.UI.DefaultWait`1.ThrowTimeoutException(String exceptionMessage, Exception lastException)
   at OpenQA.Selenium.Support.UI.DefaultWait`1.Until[TResult](Func`2 condition)
   at training.automation.common.selenium.elements.common.Element.WaitUntilElementToBeClickable() in C:\Users\michael.butterfield\git\BabysFirstAutomationFrameworkCSharp\training.automation.common\Selenium\Elements\Common\Element.cs:line 247
   at training.automation.common.selenium.elements.common.Element.WaitForElementToBeClickable() in C:\Users\michael.butterfield\git\BabysFirstAutomationFrameworkCSharp\training.automation.common\Selenium\Elements\Common\Element.cs:line 210 : 
error: Timed out after 10 seconds</pre>
                                <div class="errorMessage">Timed out after 10 seconds -&gt; Timed out after 10 seconds -&gt; no such element: Unable to locate element: {&quot;method&quot;:&quot;xpath&quot;,&quot;selector&quot;:&quot;//a[@href=&#39;/forgot&#39;]&quot;}
  (Session info: chrome=71.0.3578.98)
  (Driver info: chromedriver=2.40.565498 (ea082db3280dd6843ebfb08a625e3eb905c4f5ab),platform=Windows NT 10.0.17134 x86_64)</div>
                                <pre class="stackTrace">System.ArgumentException: Timed out after 10 seconds ---&gt; OpenQA.Selenium.WebDriverTimeoutException: Timed out after 10 seconds ---&gt; OpenQA.Selenium.NoSuchElementException: no such element: Unable to locate element: {&quot;method&quot;:&quot;xpath&quot;,&quot;selector&quot;:&quot;//a[@href=&#39;/forgot&#39;]&quot;}
  (Session info: chrome=71.0.3578.98)
  (Driver info: chromedriver=2.40.565498 (ea082db3280dd6843ebfb08a625e3eb905c4f5ab),platform=Windows NT 10.0.17134 x86_64)
   at OpenQA.Selenium.Remote.RemoteWebDriver.UnpackAndThrowOnError(Response errorResponse)
   at OpenQA.Selenium.Remote.RemoteWebDriver.Execute(String driverCommandToExecute, Dictionary`2 parameters)
   at OpenQA.Selenium.Remote.RemoteWebDriver.FindElement(String mechanism, String value)
   at OpenQA.Selenium.Remote.RemoteWebDriver.FindElementByXPath(String xpath)
   at OpenQA.Selenium.By.&lt;&gt;c__DisplayClass19_0.&lt;XPath&gt;b__0(ISearchContext context)
   at OpenQA.Selenium.By.FindElement(ISearchContext context)
   at OpenQA.Selenium.Remote.RemoteWebDriver.FindElement(By by)
   at OpenQA.Selenium.Support.UI.ExpectedConditions.&lt;&gt;c__DisplayClass3b.&lt;ElementToBeClickable&gt;b__3a(IWebDriver driver)
   at OpenQA.Selenium.Support.UI.DefaultWait`1.Until[TResult](Func`2 condition)
   --- End of inner exception stack trace ---
   at OpenQA.Selenium.Support.UI.DefaultWait`1.ThrowTimeoutException(String exceptionMessage, Exception lastException)
   at OpenQA.Selenium.Support.UI.DefaultWait`1.Until[TResult](Func`2 condition)
   at training.automation.common.selenium.elements.common.Element.WaitUntilElementToBeClickable() in C:\Users\michael.butterfield\git\BabysFirstAutomationFrameworkCSharp\training.automation.common\Selenium\Elements\Common\Element.cs:line 247
   at training.automation.common.selenium.elements.common.Element.WaitForElementToBeClickable() in C:\Users\michael.butterfield\git\BabysFirstAutomationFrameworkCSharp\training.automation.common\Selenium\Elements\Common\Element.cs:line 210
   --- End of inner exception stack trace ---
   at training.automation.common.utilities.TestHelper.HandleException(String errorMessage, Exception e, Boolean takeScreenshot) in C:\Users\michael.butterfield\git\BabysFirstAutomationFrameworkCSharp\training.automation.common\Utilities\TestHelper.cs:line 55
   at training.automation.common.selenium.elements.common.Element.HandleException(String actionName, Exception ex) in C:\Users\michael.butterfield\git\BabysFirstAutomationFrameworkCSharp\training.automation.common\Selenium\Elements\Common\Element.cs:line 180
   at training.automation.common.selenium.elements.common.Element.WaitForElementToBeClickable() in C:\Users\michael.butterfield\git\BabysFirstAutomationFrameworkCSharp\training.automation.common\Selenium\Elements\Common\Element.cs:line 214
   at training.automation.specflow.Test.CSharp.StepDefinitions.SplashPageSteps.ILogIn() in C:\Users\michael.butterfield\git\BabysFirstAutomationFrameworkCSharp\training.automation.selenium.specflow\Test\CSharp\StepDefinitions\SplashPageSteps.cs:line 20
   at lambda_method(Closure , IContextManager )
   at TechTalk.SpecFlow.Bindings.BindingInvoker.InvokeBinding(IBinding binding, IContextManager contextManager, Object[] arguments, ITestTracer testTracer, TimeSpan&amp; duration)
   at TechTalk.SpecFlow.Infrastructure.TestExecutionEngine.ExecuteStepMatch(BindingMatch match, Object[] arguments)
   at TechTalk.SpecRun.SpecFlowPlugin.Runtime.RunnerTestExecutionEngine.ExecuteStepMatch(BindingMatch match, Object[] arguments)
   at TechTalk.SpecFlow.Infrastructure.TestExecutionEngine.ExecuteStep(IContextManager contextManager, StepInstance stepInstance)
   at TechTalk.SpecFlow.Infrastructure.TestExecutionEngine.OnAfterLastStep()
   at TechTalk.SpecFlow.TestRunner.CollectScenarioErrors()
   at training.automation.selenium.specflow.Test.Resources.SpecificBoardsPageFeature.ScenarioCleanup()
   at training.automation.selenium.specflow.Test.Resources.SpecificBoardsPageFeature.AddingSeveralCardsToThreeLists() in C:\Users\michael.butterfield\git\BabysFirstAutomationFrameworkCSharp\training.automation.selenium.specflow\Test\Resources\SpecificBoardsPage.feature:line 29
   at TechTalk.SpecRun.Framework.TaskExecutors.StaticOrInstanceMethodExecutor.ExecuteInternal(ITestThreadExecutionContext testThreadExecutionContext)
   at TechTalk.SpecRun.Framework.TaskExecutors.StaticOrInstanceMethodExecutor.Execute(ITestThreadExecutionContext testThreadExecutionContext)
   at TechTalk.SpecRun.Framework.TestAssemblyExecutor.ExecuteTestNodeTask(TestNode testNode, ITaskExecutor task, TraceEventType eventType)</pre>
                        </td>
                        <td>Failed in 10.406s</td>
                    </tr>
                    <tr>
                        <td>
                            <pre class="log">And I am on the boards page</pre>
                        </td>
                        <td>
                            <!-- [TestArrange: Scenario - Adding several cards to three lists] -->
                            <pre class="log">skipped because of previous errors</pre>
                        </td>
                        <td>Skipped in 0.002s</td>
                    </tr>
                    <tr>
                        <td>
                            <pre class="log">When I create the user board</pre>
                        </td>
                        <td>
                            <!-- [TestAct: Scenario - Adding several cards to three lists] -->
                            <pre class="log">skipped because of previous errors</pre>
                        </td>
                        <td>Skipped in 0.002s</td>
                    </tr>
                    <tr>
                        <td>
                            <pre class="log">Then the environment will be set up</pre>
                        </td>
                        <td>
                            <!-- [TestAssert: Scenario - Adding several cards to three lists] -->
                            <pre class="log">skipped because of previous errors</pre>
                        </td>
                        <td>Skipped in 0.001s</td>
                    </tr>
                    <tr>
                        <td>
                            <pre class="log">Given I click on the user created board</pre>
                        </td>
                        <td>
                            <!-- [TestArrange: Scenario - Adding several cards to three lists] -->
                            <pre class="log">skipped because of previous errors</pre>
                        </td>
                        <td>Skipped in 0.002s</td>
                    </tr>
                    <tr>
                        <td>
                            <pre class="log">When I create a new list called To Do</pre>
                        </td>
                        <td>
                            <!-- [TestAct: Scenario - Adding several cards to three lists] -->
                            <pre class="log">skipped because of previous errors</pre>
                        </td>
                        <td>Skipped in 0.001s</td>
                    </tr>
                    <tr>
                        <td>
                            <pre class="log">And I add five cards to the new list</pre>
                        </td>
                        <td>
                            <!-- [TestAct: Scenario - Adding several cards to three lists] -->
                            <pre class="log">skipped because of previous errors</pre>
                        </td>
                        <td>Skipped in 0.003s</td>
                    </tr>
                    <tr>
                        <td>
                            <pre class="log">And I create a new list called Doing</pre>
                        </td>
                        <td>
                            <!-- [TestAct: Scenario - Adding several cards to three lists] -->
                            <pre class="log">skipped because of previous errors</pre>
                        </td>
                        <td>Skipped in 0.001s</td>
                    </tr>
                    <tr>
                        <td>
                            <pre class="log">And I add five cards to the new list</pre>
                        </td>
                        <td>
                            <!-- [TestAct: Scenario - Adding several cards to three lists] -->
                            <pre class="log">skipped because of previous errors</pre>
                        </td>
                        <td>Skipped in 0.002s</td>
                    </tr>
                    <tr>
                        <td>
                            <pre class="log">And I create a new list called Done</pre>
                        </td>
                        <td>
                            <!-- [TestAct: Scenario - Adding several cards to three lists] -->
                            <pre class="log">skipped because of previous errors</pre>
                        </td>
                        <td>Skipped in 0.001s</td>
                    </tr>
                    <tr>
                        <td>
                            <pre class="log">And I add five cards to the new list</pre>
                        </td>
                        <td>
                            <!-- [TestAct: Scenario - Adding several cards to three lists] -->
                            <pre class="log">skipped because of previous errors</pre>
                        </td>
                        <td>Skipped in 0.001s</td>
                    </tr>
                    <tr>
                        <td>
                            <pre class="log">Then the three lists will contain five cards each</pre>
                        </td>
                        <td>
                            <!-- [TestAssert: Scenario - Adding several cards to three lists] -->
                            <pre class="log">skipped because of previous errors</pre>
                        </td>
                        <td>Skipped in 0.004s</td>
                    </tr>
                    <tr>
                        <td>
                            <pre class="log"></pre>
                        </td>
                        <td>
                            <!-- [Cleanup: Scenario - Adding several cards to three lists] -->
                            <pre class="log"></pre>
                                <div class="errorMessage">Timed out after 10 seconds -&gt; no such element: Unable to locate element: {&quot;method&quot;:&quot;xpath&quot;,&quot;selector&quot;:&quot;//*[@id=&quot;header&quot;]/div[1]/a/span&quot;}
  (Session info: chrome=71.0.3578.98)
  (Driver info: chromedriver=2.40.565498 (ea082db3280dd6843ebfb08a625e3eb905c4f5ab),platform=Windows NT 10.0.17134 x86_64)</div>
                                <pre class="stackTrace">OpenQA.Selenium.WebDriverTimeoutException: Timed out after 10 seconds ---&gt; OpenQA.Selenium.NoSuchElementException: no such element: Unable to locate element: {&quot;method&quot;:&quot;xpath&quot;,&quot;selector&quot;:&quot;//*[@id=&quot;header&quot;]/div[1]/a/span&quot;}
  (Session info: chrome=71.0.3578.98)
  (Driver info: chromedriver=2.40.565498 (ea082db3280dd6843ebfb08a625e3eb905c4f5ab),platform=Windows NT 10.0.17134 x86_64)
   at OpenQA.Selenium.Remote.RemoteWebDriver.UnpackAndThrowOnError(Response errorResponse)
   at OpenQA.Selenium.Remote.RemoteWebDriver.Execute(String driverCommandToExecute, Dictionary`2 parameters)
   at OpenQA.Selenium.Remote.RemoteWebDriver.FindElement(String mechanism, String value)
   at OpenQA.Selenium.Remote.RemoteWebDriver.FindElementByXPath(String xpath)
   at OpenQA.Selenium.By.&lt;&gt;c__DisplayClass19_0.&lt;XPath&gt;b__0(ISearchContext context)
   at OpenQA.Selenium.By.FindElement(ISearchContext context)
   at OpenQA.Selenium.Remote.RemoteWebDriver.FindElement(By by)
   at OpenQA.Selenium.Support.UI.ExpectedConditions.&lt;&gt;c__DisplayClass3b.&lt;ElementToBeClickable&gt;b__3a(IWebDriver driver)
   at OpenQA.Selenium.Support.UI.DefaultWait`1.Until[TResult](Func`2 condition)
   --- End of inner exception stack trace ---
   at OpenQA.Selenium.Support.UI.DefaultWait`1.ThrowTimeoutException(String exceptionMessage, Exception lastException)
   at OpenQA.Selenium.Support.UI.DefaultWait`1.Until[TResult](Func`2 condition)
   at training.automation.common.selenium.elements.common.Element.WaitUntilElementToBeClickable() in C:\Users\michael.butterfield\git\BabysFirstAutomationFrameworkCSharp\training.automation.common\Selenium\Elements\Common\Element.cs:line 247
   at training.automation.common.selenium.elements.common.Element.GetWebElement(Boolean waitUntilClickable, Boolean waitUntilVisible) in C:\Users\michael.butterfield\git\BabysFirstAutomationFrameworkCSharp\training.automation.common\Selenium\Elements\Common\Element.cs:line 234
   at training.automation.common.selenium.elements.common.Element.JsClick() in C:\Users\michael.butterfield\git\BabysFirstAutomationFrameworkCSharp\training.automation.common\Selenium\Elements\Common\Element.cs:line 203
   at training.automation.specflow.Test.CSharp.Runner.TestRunner.AfterScenario() in C:\Users\michael.butterfield\git\BabysFirstAutomationFrameworkCSharp\training.automation.selenium.specflow\Test\CSharp\Runner\TestRunner.cs:line 31
   at lambda_method(Closure , IContextManager )
   at TechTalk.SpecFlow.Bindings.BindingInvoker.InvokeBinding(IBinding binding, IContextManager contextManager, Object[] arguments, ITestTracer testTracer, TimeSpan&amp; duration)
   at TechTalk.SpecFlow.Infrastructure.TestExecutionEngine.InvokeHook(IBindingInvoker invoker, IHookBinding hookBinding, HookType hookType)
   at TechTalk.SpecFlow.Infrastructure.TestExecutionEngine.FireEvents(HookType hookType)
   at TechTalk.SpecFlow.Infrastructure.TestExecutionEngine.FireScenarioEvents(HookType bindingEvent)
   at TechTalk.SpecFlow.Infrastructure.TestExecutionEngine.OnScenarioEnd()
   at TechTalk.SpecFlow.TestRunner.OnScenarioEnd()
   at training.automation.selenium.specflow.Test.Resources.SpecificBoardsPageFeature.ScenarioTearDown()
   at TechTalk.SpecRun.Framework.TaskExecutors.StaticOrInstanceMethodExecutor.ExecuteInternal(ITestThreadExecutionContext testThreadExecutionContext)
   at TechTalk.SpecRun.Framework.TaskExecutors.StaticOrInstanceMethodExecutor.Execute(ITestThreadExecutionContext testThreadExecutionContext)
   at TechTalk.SpecRun.Framework.TestAssemblyExecutor.ExecuteTestNodeTask(TestNode testNode, ITaskExecutor task, TraceEventType eventType)</pre>
                        </td>
                        <td>Failed in 10.325s</td>
                    </tr>
            </table>
            <a name="t199532233.2" />
            <h3>Scenario: Adding several cards to three lists (in training.automation.selenium.specflow, Specific Boards Page) retry #2</h3>
                <div class="description">
                    tags: SpecificBoardsFeature, AddingCards
                </div>
            <ul>
                <li>Status: Failed</li>
                <li>Start time: 08/02/2019 11:35:56</li>
                <li>Execution time (sec): 26.4019455</li>
                <li>Thread: #0</li>
                <li>Error: Timed out after 10 seconds -&gt; Timed out after 10 seconds -&gt; no such element: Unable to locate element: {&quot;method&quot;:&quot;xpath&quot;,&quot;selector&quot;:&quot;//a[@href=&#39;/forgot&#39;]&quot;}
  (Session info: chrome=71.0.3578.98)
  (Driver info: chromedriver=2.40.565498 (ea082db3280dd6843ebfb08a625e3eb905c4f5ab),platform=Windows NT 10.0.17134 x86_64)</li>
            </ul>
            <table class="testEvents">
                <tr>
                    <th>Steps</th>
                    <th>Trace</th>
                    <th>Result</th>
                </tr>
                    <tr>
                        <td>
                            <pre class="log"></pre>
                        </td>
                        <td>
                            <!-- [TestArrange: Scenario - Adding several cards to three lists] -->
                            <pre class="log">warning: The previous ScenarioContext was not disposed.</pre>
                        </td>
                        <td>Succeeded in 5.602s</td>
                    </tr>
                    <tr>
                        <td>
                            <pre class="log">Given I am on the splash page</pre>
                        </td>
                        <td>
                            <!-- [TestArrange: Scenario - Adding several cards to three lists] -->
                            <pre class="log">Assert Element Log In Button on page Splash Page is displayed
done: SplashPageSteps.IAmOnTheSplashPage() (0.1s)</pre>
                        </td>
                        <td>Succeeded in 0.111s</td>
                    </tr>
                    <tr>
                        <td>
                            <pre class="log">And I log in</pre>
                        </td>
                        <td>
                            <!-- [TestArrange: Scenario - Adding several cards to three lists] -->
                            <pre class="log">Wait For Element To Be Clickable failed on element &quot;Forgot Password&quot; on page &quot;Log In&quot; : OpenQA.Selenium.WebDriverTimeoutException: Timed out after 10 seconds ---&gt; OpenQA.Selenium.NoSuchElementException: no such element: Unable to locate element: {&quot;method&quot;:&quot;xpath&quot;,&quot;selector&quot;:&quot;//a[@href=&#39;/forgot&#39;]&quot;}
  (Session info: chrome=71.0.3578.98)
  (Driver info: chromedriver=2.40.565498 (ea082db3280dd6843ebfb08a625e3eb905c4f5ab),platform=Windows NT 10.0.17134 x86_64)
   at OpenQA.Selenium.Remote.RemoteWebDriver.UnpackAndThrowOnError(Response errorResponse)
   at OpenQA.Selenium.Remote.RemoteWebDriver.Execute(String driverCommandToExecute, Dictionary`2 parameters)
   at OpenQA.Selenium.Remote.RemoteWebDriver.FindElement(String mechanism, String value)
   at OpenQA.Selenium.Remote.RemoteWebDriver.FindElementByXPath(String xpath)
   at OpenQA.Selenium.By.&lt;&gt;c__DisplayClass19_0.&lt;XPath&gt;b__0(ISearchContext context)
   at OpenQA.Selenium.By.FindElement(ISearchContext context)
   at OpenQA.Selenium.Remote.RemoteWebDriver.FindElement(By by)
   at OpenQA.Selenium.Support.UI.ExpectedConditions.&lt;&gt;c__DisplayClass3b.&lt;ElementToBeClickable&gt;b__3a(IWebDriver driver)
   at OpenQA.Selenium.Support.UI.DefaultWait`1.Until[TResult](Func`2 condition)
   --- End of inner exception stack trace ---
   at OpenQA.Selenium.Support.UI.DefaultWait`1.ThrowTimeoutException(String exceptionMessage, Exception lastException)
   at OpenQA.Selenium.Support.UI.DefaultWait`1.Until[TResult](Func`2 condition)
   at training.automation.common.selenium.elements.common.Element.WaitUntilElementToBeClickable() in C:\Users\michael.butterfield\git\BabysFirstAutomationFrameworkCSharp\training.automation.common\Selenium\Elements\Common\Element.cs:line 247
   at training.automation.common.selenium.elements.common.Element.WaitForElementToBeClickable() in C:\Users\michael.butterfield\git\BabysFirstAutomationFrameworkCSharp\training.automation.common\Selenium\Elements\Common\Element.cs:line 210 : 
error: Timed out after 10 seconds</pre>
                                <div class="errorMessage">Timed out after 10 seconds -&gt; Timed out after 10 seconds -&gt; no such element: Unable to locate element: {&quot;method&quot;:&quot;xpath&quot;,&quot;selector&quot;:&quot;//a[@href=&#39;/forgot&#39;]&quot;}
  (Session info: chrome=71.0.3578.98)
  (Driver info: chromedriver=2.40.565498 (ea082db3280dd6843ebfb08a625e3eb905c4f5ab),platform=Windows NT 10.0.17134 x86_64)</div>
                                <pre class="stackTrace">System.ArgumentException: Timed out after 10 seconds ---&gt; OpenQA.Selenium.WebDriverTimeoutException: Timed out after 10 seconds ---&gt; OpenQA.Selenium.NoSuchElementException: no such element: Unable to locate element: {&quot;method&quot;:&quot;xpath&quot;,&quot;selector&quot;:&quot;//a[@href=&#39;/forgot&#39;]&quot;}
  (Session info: chrome=71.0.3578.98)
  (Driver info: chromedriver=2.40.565498 (ea082db3280dd6843ebfb08a625e3eb905c4f5ab),platform=Windows NT 10.0.17134 x86_64)
   at OpenQA.Selenium.Remote.RemoteWebDriver.UnpackAndThrowOnError(Response errorResponse)
   at OpenQA.Selenium.Remote.RemoteWebDriver.Execute(String driverCommandToExecute, Dictionary`2 parameters)
   at OpenQA.Selenium.Remote.RemoteWebDriver.FindElement(String mechanism, String value)
   at OpenQA.Selenium.Remote.RemoteWebDriver.FindElementByXPath(String xpath)
   at OpenQA.Selenium.By.&lt;&gt;c__DisplayClass19_0.&lt;XPath&gt;b__0(ISearchContext context)
   at OpenQA.Selenium.By.FindElement(ISearchContext context)
   at OpenQA.Selenium.Remote.RemoteWebDriver.FindElement(By by)
   at OpenQA.Selenium.Support.UI.ExpectedConditions.&lt;&gt;c__DisplayClass3b.&lt;ElementToBeClickable&gt;b__3a(IWebDriver driver)
   at OpenQA.Selenium.Support.UI.DefaultWait`1.Until[TResult](Func`2 condition)
   --- End of inner exception stack trace ---
   at OpenQA.Selenium.Support.UI.DefaultWait`1.ThrowTimeoutException(String exceptionMessage, Exception lastException)
   at OpenQA.Selenium.Support.UI.DefaultWait`1.Until[TResult](Func`2 condition)
   at training.automation.common.selenium.elements.common.Element.WaitUntilElementToBeClickable() in C:\Users\michael.butterfield\git\BabysFirstAutomationFrameworkCSharp\training.automation.common\Selenium\Elements\Common\Element.cs:line 247
   at training.automation.common.selenium.elements.common.Element.WaitForElementToBeClickable() in C:\Users\michael.butterfield\git\BabysFirstAutomationFrameworkCSharp\training.automation.common\Selenium\Elements\Common\Element.cs:line 210
   --- End of inner exception stack trace ---
   at training.automation.common.utilities.TestHelper.HandleException(String errorMessage, Exception e, Boolean takeScreenshot) in C:\Users\michael.butterfield\git\BabysFirstAutomationFrameworkCSharp\training.automation.common\Utilities\TestHelper.cs:line 55
   at training.automation.common.selenium.elements.common.Element.HandleException(String actionName, Exception ex) in C:\Users\michael.butterfield\git\BabysFirstAutomationFrameworkCSharp\training.automation.common\Selenium\Elements\Common\Element.cs:line 180
   at training.automation.common.selenium.elements.common.Element.WaitForElementToBeClickable() in C:\Users\michael.butterfield\git\BabysFirstAutomationFrameworkCSharp\training.automation.common\Selenium\Elements\Common\Element.cs:line 214
   at training.automation.specflow.Test.CSharp.StepDefinitions.SplashPageSteps.ILogIn() in C:\Users\michael.butterfield\git\BabysFirstAutomationFrameworkCSharp\training.automation.selenium.specflow\Test\CSharp\StepDefinitions\SplashPageSteps.cs:line 20
   at lambda_method(Closure , IContextManager )
   at TechTalk.SpecFlow.Bindings.BindingInvoker.InvokeBinding(IBinding binding, IContextManager contextManager, Object[] arguments, ITestTracer testTracer, TimeSpan&amp; duration)
   at TechTalk.SpecFlow.Infrastructure.TestExecutionEngine.ExecuteStepMatch(BindingMatch match, Object[] arguments)
   at TechTalk.SpecRun.SpecFlowPlugin.Runtime.RunnerTestExecutionEngine.ExecuteStepMatch(BindingMatch match, Object[] arguments)
   at TechTalk.SpecFlow.Infrastructure.TestExecutionEngine.ExecuteStep(IContextManager contextManager, StepInstance stepInstance)
   at TechTalk.SpecFlow.Infrastructure.TestExecutionEngine.OnAfterLastStep()
   at TechTalk.SpecFlow.TestRunner.CollectScenarioErrors()
   at training.automation.selenium.specflow.Test.Resources.SpecificBoardsPageFeature.ScenarioCleanup()
   at training.automation.selenium.specflow.Test.Resources.SpecificBoardsPageFeature.AddingSeveralCardsToThreeLists() in C:\Users\michael.butterfield\git\BabysFirstAutomationFrameworkCSharp\training.automation.selenium.specflow\Test\Resources\SpecificBoardsPage.feature:line 29
   at TechTalk.SpecRun.Framework.TaskExecutors.StaticOrInstanceMethodExecutor.ExecuteInternal(ITestThreadExecutionContext testThreadExecutionContext)
   at TechTalk.SpecRun.Framework.TaskExecutors.StaticOrInstanceMethodExecutor.Execute(ITestThreadExecutionContext testThreadExecutionContext)
   at TechTalk.SpecRun.Framework.TestAssemblyExecutor.ExecuteTestNodeTask(TestNode testNode, ITaskExecutor task, TraceEventType eventType)</pre>
                        </td>
                        <td>Failed in 10.357s</td>
                    </tr>
                    <tr>
                        <td>
                            <pre class="log">And I am on the boards page</pre>
                        </td>
                        <td>
                            <!-- [TestArrange: Scenario - Adding several cards to three lists] -->
                            <pre class="log">skipped because of previous errors</pre>
                        </td>
                        <td>Skipped in 0.001s</td>
                    </tr>
                    <tr>
                        <td>
                            <pre class="log">When I create the user board</pre>
                        </td>
                        <td>
                            <!-- [TestAct: Scenario - Adding several cards to three lists] -->
                            <pre class="log">skipped because of previous errors</pre>
                        </td>
                        <td>Skipped in 0.001s</td>
                    </tr>
                    <tr>
                        <td>
                            <pre class="log">Then the environment will be set up</pre>
                        </td>
                        <td>
                            <!-- [TestAssert: Scenario - Adding several cards to three lists] -->
                            <pre class="log">skipped because of previous errors</pre>
                        </td>
                        <td>Skipped in 0.001s</td>
                    </tr>
                    <tr>
                        <td>
                            <pre class="log">Given I click on the user created board</pre>
                        </td>
                        <td>
                            <!-- [TestArrange: Scenario - Adding several cards to three lists] -->
                            <pre class="log">skipped because of previous errors</pre>
                        </td>
                        <td>Skipped in 0.003s</td>
                    </tr>
                    <tr>
                        <td>
                            <pre class="log">When I create a new list called To Do</pre>
                        </td>
                        <td>
                            <!-- [TestAct: Scenario - Adding several cards to three lists] -->
                            <pre class="log">skipped because of previous errors</pre>
                        </td>
                        <td>Skipped in 0.002s</td>
                    </tr>
                    <tr>
                        <td>
                            <pre class="log">And I add five cards to the new list</pre>
                        </td>
                        <td>
                            <!-- [TestAct: Scenario - Adding several cards to three lists] -->
                            <pre class="log">skipped because of previous errors</pre>
                        </td>
                        <td>Skipped in 0.003s</td>
                    </tr>
                    <tr>
                        <td>
                            <pre class="log">And I create a new list called Doing</pre>
                        </td>
                        <td>
                            <!-- [TestAct: Scenario - Adding several cards to three lists] -->
                            <pre class="log">skipped because of previous errors</pre>
                        </td>
                        <td>Skipped in 0.001s</td>
                    </tr>
                    <tr>
                        <td>
                            <pre class="log">And I add five cards to the new list</pre>
                        </td>
                        <td>
                            <!-- [TestAct: Scenario - Adding several cards to three lists] -->
                            <pre class="log">skipped because of previous errors</pre>
                        </td>
                        <td>Skipped in 0.003s</td>
                    </tr>
                    <tr>
                        <td>
                            <pre class="log">And I create a new list called Done</pre>
                        </td>
                        <td>
                            <!-- [TestAct: Scenario - Adding several cards to three lists] -->
                            <pre class="log">skipped because of previous errors</pre>
                        </td>
                        <td>Skipped in 0.001s</td>
                    </tr>
                    <tr>
                        <td>
                            <pre class="log">And I add five cards to the new list</pre>
                        </td>
                        <td>
                            <!-- [TestAct: Scenario - Adding several cards to three lists] -->
                            <pre class="log">skipped because of previous errors</pre>
                        </td>
                        <td>Skipped in 0.002s</td>
                    </tr>
                    <tr>
                        <td>
                            <pre class="log">Then the three lists will contain five cards each</pre>
                        </td>
                        <td>
                            <!-- [TestAssert: Scenario - Adding several cards to three lists] -->
                            <pre class="log">skipped because of previous errors</pre>
                        </td>
                        <td>Skipped in 0.001s</td>
                    </tr>
                    <tr>
                        <td>
                            <pre class="log"></pre>
                        </td>
                        <td>
                            <!-- [Cleanup: Scenario - Adding several cards to three lists] -->
                            <pre class="log"></pre>
                                <div class="errorMessage">Timed out after 10 seconds -&gt; no such element: Unable to locate element: {&quot;method&quot;:&quot;xpath&quot;,&quot;selector&quot;:&quot;//*[@id=&quot;header&quot;]/div[1]/a/span&quot;}
  (Session info: chrome=71.0.3578.98)
  (Driver info: chromedriver=2.40.565498 (ea082db3280dd6843ebfb08a625e3eb905c4f5ab),platform=Windows NT 10.0.17134 x86_64)</div>
                                <pre class="stackTrace">OpenQA.Selenium.WebDriverTimeoutException: Timed out after 10 seconds ---&gt; OpenQA.Selenium.NoSuchElementException: no such element: Unable to locate element: {&quot;method&quot;:&quot;xpath&quot;,&quot;selector&quot;:&quot;//*[@id=&quot;header&quot;]/div[1]/a/span&quot;}
  (Session info: chrome=71.0.3578.98)
  (Driver info: chromedriver=2.40.565498 (ea082db3280dd6843ebfb08a625e3eb905c4f5ab),platform=Windows NT 10.0.17134 x86_64)
   at OpenQA.Selenium.Remote.RemoteWebDriver.UnpackAndThrowOnError(Response errorResponse)
   at OpenQA.Selenium.Remote.RemoteWebDriver.Execute(String driverCommandToExecute, Dictionary`2 parameters)
   at OpenQA.Selenium.Remote.RemoteWebDriver.FindElement(String mechanism, String value)
   at OpenQA.Selenium.Remote.RemoteWebDriver.FindElementByXPath(String xpath)
   at OpenQA.Selenium.By.&lt;&gt;c__DisplayClass19_0.&lt;XPath&gt;b__0(ISearchContext context)
   at OpenQA.Selenium.By.FindElement(ISearchContext context)
   at OpenQA.Selenium.Remote.RemoteWebDriver.FindElement(By by)
   at OpenQA.Selenium.Support.UI.ExpectedConditions.&lt;&gt;c__DisplayClass3b.&lt;ElementToBeClickable&gt;b__3a(IWebDriver driver)
   at OpenQA.Selenium.Support.UI.DefaultWait`1.Until[TResult](Func`2 condition)
   --- End of inner exception stack trace ---
   at OpenQA.Selenium.Support.UI.DefaultWait`1.ThrowTimeoutException(String exceptionMessage, Exception lastException)
   at OpenQA.Selenium.Support.UI.DefaultWait`1.Until[TResult](Func`2 condition)
   at training.automation.common.selenium.elements.common.Element.WaitUntilElementToBeClickable() in C:\Users\michael.butterfield\git\BabysFirstAutomationFrameworkCSharp\training.automation.common\Selenium\Elements\Common\Element.cs:line 247
   at training.automation.common.selenium.elements.common.Element.GetWebElement(Boolean waitUntilClickable, Boolean waitUntilVisible) in C:\Users\michael.butterfield\git\BabysFirstAutomationFrameworkCSharp\training.automation.common\Selenium\Elements\Common\Element.cs:line 234
   at training.automation.common.selenium.elements.common.Element.JsClick() in C:\Users\michael.butterfield\git\BabysFirstAutomationFrameworkCSharp\training.automation.common\Selenium\Elements\Common\Element.cs:line 203
   at training.automation.specflow.Test.CSharp.Runner.TestRunner.AfterScenario() in C:\Users\michael.butterfield\git\BabysFirstAutomationFrameworkCSharp\training.automation.selenium.specflow\Test\CSharp\Runner\TestRunner.cs:line 31
   at lambda_method(Closure , IContextManager )
   at TechTalk.SpecFlow.Bindings.BindingInvoker.InvokeBinding(IBinding binding, IContextManager contextManager, Object[] arguments, ITestTracer testTracer, TimeSpan&amp; duration)
   at TechTalk.SpecFlow.Infrastructure.TestExecutionEngine.InvokeHook(IBindingInvoker invoker, IHookBinding hookBinding, HookType hookType)
   at TechTalk.SpecFlow.Infrastructure.TestExecutionEngine.FireEvents(HookType hookType)
   at TechTalk.SpecFlow.Infrastructure.TestExecutionEngine.FireScenarioEvents(HookType bindingEvent)
   at TechTalk.SpecFlow.Infrastructure.TestExecutionEngine.OnScenarioEnd()
   at TechTalk.SpecFlow.TestRunner.OnScenarioEnd()
   at training.automation.selenium.specflow.Test.Resources.SpecificBoardsPageFeature.ScenarioTearDown()
   at TechTalk.SpecRun.Framework.TaskExecutors.StaticOrInstanceMethodExecutor.ExecuteInternal(ITestThreadExecutionContext testThreadExecutionContext)
   at TechTalk.SpecRun.Framework.TaskExecutors.StaticOrInstanceMethodExecutor.Execute(ITestThreadExecutionContext testThreadExecutionContext)
   at TechTalk.SpecRun.Framework.TestAssemblyExecutor.ExecuteTestNodeTask(TestNode testNode, ITaskExecutor task, TraceEventType eventType)</pre>
                        </td>
                        <td>Failed in 10.307s</td>
                    </tr>
            </table>
	</body>
</html>
</a><div style='position: absolute; top:0px; right:10px; z-index: 1000; text-align: right; font-size: small; color: #FF5555'>
Generated by an evaluation version of SpecRun.<br />
This version can be used for evaluation purposes only.<br />
For obtaining a registered license please visit <a href='http://www.specflow.org/plus'>http://www.specflow.org/plus</a>.
</div>
